<?xml version="1.0" encoding="UTF-8"?>
<robot generator="Robot 5.0.1 (Python 3.11.0 on win32)" generated="20221228 15:43:25.654" rpa="false" schemaversion="3">
<suite id="s1" name="Orange" source="C:\Users\LENOVO\Desktop\Python Codes\OrangeHRM\orange.Robot">
<test id="s1-t1" name=" Login" line="13">
<kw name="Open Browser" library="RPA.Browser.Selenium">
<arg>${url}</arg>
<arg>${browser}</arg>
<doc>Opens a new browser instance to the optional ``url``.</doc>
<msg timestamp="20221228 15:43:26.283" level="INFO">Opening browser 'chrome' to base url 'https://opensource-demo.orangehrmlive.com/web/index.php/auth/login'.</msg>
<status status="PASS" starttime="20221228 15:43:26.279" endtime="20221228 15:43:44.215"/>
</kw>
<kw name="Maximize Browser Window" library="RPA.Browser.Selenium">
<doc>Maximizes current browser window.</doc>
<status status="PASS" starttime="20221228 15:43:44.216" endtime="20221228 15:43:44.349"/>
</kw>
<kw name="Login-To-Application">
<kw name="Sleep" library="BuiltIn">
<arg>5</arg>
<doc>Pauses the test executed for the given time.</doc>
<msg timestamp="20221228 15:43:49.351" level="INFO">Slept 5 seconds</msg>
<status status="PASS" starttime="20221228 15:43:44.350" endtime="20221228 15:43:49.351"/>
</kw>
<kw name="Get Title" library="RPA.Browser.Selenium">
<var>${Title}</var>
<doc>Returns the title of the current page.</doc>
<msg timestamp="20221228 15:43:49.363" level="INFO">${Title} = OrangeHRM</msg>
<status status="PASS" starttime="20221228 15:43:49.351" endtime="20221228 15:43:49.363"/>
</kw>
<kw name="Log To Console" library="BuiltIn">
<arg>${Title}</arg>
<doc>Logs the given message to the console.</doc>
<status status="PASS" starttime="20221228 15:43:49.363" endtime="20221228 15:43:49.365"/>
</kw>
<kw name="Set Variable" library="BuiltIn">
<var>${UserName}</var>
<arg>xpath://body/div[@id='app']/div[1]/div[1]/div[1]/div[1]/div[2]/div[2]/form[1]/div[1]/div[1]/div[2]/input[1]</arg>
<doc>Returns the given values which can then be assigned to a variables.</doc>
<msg timestamp="20221228 15:43:49.367" level="INFO">${UserName} = xpath://body/div[@id='app']/div[1]/div[1]/div[1]/div[1]/div[2]/div[2]/form[1]/div[1]/div[1]/div[2]/input[1]</msg>
<status status="PASS" starttime="20221228 15:43:49.365" endtime="20221228 15:43:49.367"/>
</kw>
<kw name="Element Should Be Enabled" library="RPA.Browser.Selenium">
<arg>${UserName}</arg>
<doc>Verifies that element identified by ``locator`` is enabled.</doc>
<status status="PASS" starttime="20221228 15:43:49.367" endtime="20221228 15:43:49.463"/>
</kw>
<kw name="Element Should Be Visible" library="RPA.Browser.Selenium">
<arg>${UserName}</arg>
<doc>Verifies that the element identified by ``locator`` is visible.</doc>
<msg timestamp="20221228 15:43:49.504" level="INFO">Element 'xpath://body/div[@id='app']/div[1]/div[1]/div[1]/div[1]/div[2]/div[2]/form[1]/div[1]/div[1]/div[2]/input[1]' is displayed.</msg>
<status status="PASS" starttime="20221228 15:43:49.463" endtime="20221228 15:43:49.504"/>
</kw>
<kw name="Input Text" library="RPA.Browser.Selenium">
<arg>${UserName}</arg>
<arg>Admin</arg>
<doc>Types the given ``text`` into the text field identified by ``locator``.</doc>
<msg timestamp="20221228 15:43:49.506" level="INFO">Typing text 'Admin' into text field 'xpath://body/div[@id='app']/div[1]/div[1]/div[1]/div[1]/div[2]/div[2]/form[1]/div[1]/div[1]/div[2]/input[1]'.</msg>
<status status="PASS" starttime="20221228 15:43:49.505" endtime="20221228 15:43:49.758"/>
</kw>
<kw name="Sleep" library="BuiltIn">
<arg>5</arg>
<doc>Pauses the test executed for the given time.</doc>
<msg timestamp="20221228 15:43:54.760" level="INFO">Slept 5 seconds</msg>
<status status="PASS" starttime="20221228 15:43:49.758" endtime="20221228 15:43:54.760"/>
</kw>
<kw name="Clear Element Text" library="RPA.Browser.Selenium">
<arg>${UserName}</arg>
<doc>Clears the value of the text-input-element identified by ``locator``.</doc>
<status status="PASS" starttime="20221228 15:43:54.760" endtime="20221228 15:43:54.919"/>
</kw>
<kw name="Close Browser" library="RPA.Browser.Selenium">
<doc>Closes the current browser.</doc>
<status status="PASS" starttime="20221228 15:43:54.919" endtime="20221228 15:43:58.363"/>
</kw>
<status status="PASS" starttime="20221228 15:43:44.349" endtime="20221228 15:43:58.364"/>
</kw>
<status status="PASS" starttime="20221228 15:43:26.275" endtime="20221228 15:43:58.365"/>
</test>
<status status="PASS" starttime="20221228 15:43:25.657" endtime="20221228 15:43:58.367"/>
</suite>
<statistics>
<total>
<stat pass="1" fail="0" skip="0">All Tests</stat>
</total>
<tag>
</tag>
<suite>
<stat pass="1" fail="0" skip="0" id="s1" name="Orange">Orange</stat>
</suite>
</statistics>
<errors>
</errors>
</robot>
