<?xml version="1.0" encoding="UTF-8"?>
<robot generator="Robot 5.0.1 (Python 3.11.0 on win32)" generated="20221229 12:29:04.211" rpa="false" schemaversion="3">
<suite id="s1" name="Frame" source="c:\Users\LENOVO\Desktop\Python Codes\Frames\Frame.robot">
<test id="s1-t1" name=" Frame_Practice" line="15">
<kw name="Open Browser" library="RPA.Browser.Selenium">
<arg>${URL}</arg>
<arg>${browser}</arg>
<doc>Opens a new browser instance to the optional ``url``.</doc>
<msg timestamp="20221229 12:29:04.907" level="INFO">Opening browser 'chrome' to base url 'https://www.selenium.dev/selenium/docs/api/java/index.html?overview-summary.html'.</msg>
<status status="PASS" starttime="20221229 12:29:04.906" endtime="20221229 12:29:10.577"/>
</kw>
<kw name="Maximize Browser Window" library="RPA.Browser.Selenium">
<doc>Maximizes current browser window.</doc>
<status status="PASS" starttime="20221229 12:29:10.580" endtime="20221229 12:29:10.771"/>
</kw>
<kw name="Demo">
<kw name="Set Selenium Speed" library="RPA.Browser.Selenium">
<arg>1</arg>
<doc>Sets the delay that is waited after each Selenium command.</doc>
<status status="PASS" starttime="20221229 12:29:10.776" endtime="20221229 12:29:10.777"/>
</kw>
<kw name="Select Frame" library="RPA.Browser.Selenium">
<arg>packageListFrame</arg>
<doc>Sets frame identified by ``locator`` as the current frame.</doc>
<msg timestamp="20221229 12:29:10.779" level="INFO">Selecting frame 'packageListFrame'.</msg>
<status status="PASS" starttime="20221229 12:29:10.777" endtime="20221229 12:29:12.955"/>
</kw>
<kw name="Click Link" library="RPA.Browser.Selenium">
<arg>org.openqa.selenium</arg>
<doc>Clicks a link identified by ``locator``.</doc>
<msg timestamp="20221229 12:29:12.956" level="INFO">Clicking link 'org.openqa.selenium'.</msg>
<status status="PASS" starttime="20221229 12:29:12.955" endtime="20221229 12:29:16.150"/>
</kw>
<kw name="Unselect Frame" library="RPA.Browser.Selenium">
<doc>Sets the main frame as the current frame.</doc>
<status status="PASS" starttime="20221229 12:29:16.150" endtime="20221229 12:29:17.157"/>
</kw>
<kw name="Select Frame" library="RPA.Browser.Selenium">
<arg>packageFrame</arg>
<doc>Sets frame identified by ``locator`` as the current frame.</doc>
<msg timestamp="20221229 12:29:17.159" level="INFO">Selecting frame 'packageFrame'.</msg>
<status status="PASS" starttime="20221229 12:29:17.158" endtime="20221229 12:29:19.210"/>
</kw>
<kw name="Click Link" library="RPA.Browser.Selenium">
<arg>Alert</arg>
<doc>Clicks a link identified by ``locator``.</doc>
<msg timestamp="20221229 12:29:19.211" level="INFO">Clicking link 'Alert'.</msg>
<status status="PASS" starttime="20221229 12:29:19.211" endtime="20221229 12:29:22.382"/>
</kw>
<kw name="Unselect Frame" library="RPA.Browser.Selenium">
<doc>Sets the main frame as the current frame.</doc>
<status status="PASS" starttime="20221229 12:29:22.383" endtime="20221229 12:29:23.389"/>
</kw>
<kw name="Select Frame" library="RPA.Browser.Selenium">
<arg>classFrame</arg>
<doc>Sets frame identified by ``locator`` as the current frame.</doc>
<msg timestamp="20221229 12:29:23.390" level="INFO">Selecting frame 'classFrame'.</msg>
<status status="PASS" starttime="20221229 12:29:23.389" endtime="20221229 12:29:25.451"/>
</kw>
<kw name="Click Link" library="RPA.Browser.Selenium">
<arg>package-tree.html</arg>
<doc>Clicks a link identified by ``locator``.</doc>
<msg timestamp="20221229 12:29:25.452" level="INFO">Clicking link 'package-tree.html'.</msg>
<status status="PASS" starttime="20221229 12:29:25.451" endtime="20221229 12:29:29.625"/>
</kw>
<status status="PASS" starttime="20221229 12:29:10.774" endtime="20221229 12:29:29.626"/>
</kw>
<status status="PASS" starttime="20221229 12:29:04.902" endtime="20221229 12:29:29.630"/>
</test>
<status status="PASS" starttime="20221229 12:29:04.220" endtime="20221229 12:29:29.634"/>
</suite>
<statistics>
<total>
<stat pass="1" fail="0" skip="0">All Tests</stat>
</total>
<tag>
</tag>
<suite>
<stat pass="1" fail="0" skip="0" id="s1" name="Frame">Frame</stat>
</suite>
</statistics>
<errors>
</errors>
</robot>
